c:\users\daniel\graphicsprojects\litengine\litengine\x64\debug\pch.pch
c:\users\daniel\graphicsprojects\litengine\litengine\x64\debug\vc143.pdb
c:\users\daniel\graphicsprojects\litengine\litengine\x64\debug\vc143.idb
c:\users\daniel\graphicsprojects\litengine\litengine\x64\debug\pch.obj
c:\users\daniel\graphicsprojects\litengine\litengine\x64\debug\litenginemain.obj
c:\users\daniel\graphicsprojects\litengine\litengine\x64\debug\sample3dscenerenderer.obj
c:\users\daniel\graphicsprojects\litengine\litengine\x64\debug\deviceresources.obj
c:\users\daniel\graphicsprojects\litengine\litengine\x64\debug\app.obj
c:\users\daniel\graphicsprojects\litengine\litengine\x64\debug\model.obj
c:\users\daniel\graphicsprojects\litengine\x64\debug\litengine\samplepixelshader.cso
c:\users\daniel\graphicsprojects\litengine\x64\debug\litengine\samplevertexshader.cso
c:\users\daniel\graphicsprojects\litengine\x64\debug\litengine\litengine.winmd
c:\users\daniel\graphicsprojects\litengine\x64\debug\litengine\litengine.exe
c:\users\daniel\graphicsprojects\litengine\x64\debug\litengine\litengine.pdb
c:\users\daniel\graphicsprojects\litengine\litengine\x64\debug\litengine.vcxproj.assemblyreference.cache
c:\users\daniel\graphicsprojects\litengine\litengine\x64\debug\resourcehandlingtask.state
c:\users\daniel\graphicsprojects\litengine\litengine\x64\debug\litengine.vcxproj.generateresource.cache
c:\users\daniel\graphicsprojects\litengine\litengine\x64\debug\priconfig.xml
c:\users\daniel\graphicsprojects\litengine\litengine\x64\debug\priconfig.xml.intermediate
c:\users\daniel\graphicsprojects\litengine\litengine\x64\debug\unfiltered.layout.resfiles
c:\users\daniel\graphicsprojects\litengine\litengine\x64\debug\unfiltered.layout.resfiles.intermediate
c:\users\daniel\graphicsprojects\litengine\litengine\x64\debug\filtered.layout.resfiles
c:\users\daniel\graphicsprojects\litengine\litengine\x64\debug\filtered.layout.resfiles.intermediate
c:\users\daniel\graphicsprojects\litengine\litengine\x64\debug\excluded.layout.resfiles
c:\users\daniel\graphicsprojects\litengine\litengine\x64\debug\excluded.layout.resfiles.intermediate
c:\users\daniel\graphicsprojects\litengine\litengine\x64\debug\resources.resfiles
c:\users\daniel\graphicsprojects\litengine\litengine\x64\debug\resources.resfiles.intermediate
c:\users\daniel\graphicsprojects\litengine\litengine\x64\debug\pri.resfiles
c:\users\daniel\graphicsprojects\litengine\litengine\x64\debug\pri.resfiles.intermediate
c:\users\daniel\graphicsprojects\litengine\x64\debug\litengine\resources.pri
c:\users\daniel\graphicsprojects\litengine\litengine\x64\debug\qualifiers.txt
c:\users\daniel\graphicsprojects\litengine\litengine\x64\debug\qualifiers.txt.intermediate
c:\users\daniel\graphicsprojects\litengine\litengine\x64\debug\multiplequalifiersperdimensionfound.txt
c:\users\daniel\graphicsprojects\litengine\litengine\x64\debug\projectarchitectures.txt
c:\users\daniel\graphicsprojects\litengine\x64\debug\litengine\appxmanifest.xml
c:\users\daniel\graphicsprojects\litengine\x64\debug\litengine\litengine.build.appxrecipe
c:\users\daniel\graphicsprojects\litengine\litengine\x64\debug\litenginemain.obj.enc
c:\users\daniel\graphicsprojects\litengine\litengine\x64\debug\litengine.tlog\cl.command.1.tlog
c:\users\daniel\graphicsprojects\litengine\litengine\x64\debug\litengine.tlog\cl.items.tlog
c:\users\daniel\graphicsprojects\litengine\litengine\x64\debug\litengine.tlog\cl.read.1.tlog
c:\users\daniel\graphicsprojects\litengine\litengine\x64\debug\litengine.tlog\cl.write.1.tlog
c:\users\daniel\graphicsprojects\litengine\litengine\x64\debug\litengine.tlog\fxc.command.1.tlog
c:\users\daniel\graphicsprojects\litengine\litengine\x64\debug\litengine.tlog\fxc.read.1.tlog
c:\users\daniel\graphicsprojects\litengine\litengine\x64\debug\litengine.tlog\fxc.write.1.tlog
c:\users\daniel\graphicsprojects\litengine\litengine\x64\debug\litengine.tlog\link.command.1.tlog
c:\users\daniel\graphicsprojects\litengine\litengine\x64\debug\litengine.tlog\link.read.1.tlog
c:\users\daniel\graphicsprojects\litengine\litengine\x64\debug\litengine.tlog\link.write.1.tlog
c:\users\daniel\graphicsprojects\litengine\litengine\x64\debug\litengine.tlog\link.write.2u.tlog
c:\users\daniel\graphicsprojects\litengine\litengine\x64\debug\litengine.tlog\litengine.read.1u.tlog
c:\users\daniel\graphicsprojects\litengine\litengine\x64\debug\litengine.tlog\litengine.write.1u.tlog
